
========================[ Jul 2, 2012  5:09 PM ]========================
Version 2.2.24 [Aug-08-2010]
Started database file "/home/cs02gl/Desktop/fdfBLAST/genomes/testing/GenomeA.fas"
Formatted 23 sequences in volume 0
SUCCESS: formatted database /home/cs02gl/Desktop/fdfBLAST/genomes/testing/GenomeA.fas

========================[ Jul 2, 2012  5:09 PM ]========================
Version 2.2.24 [Aug-08-2010]
Started database file "/home/cs02gl/Desktop/fdfBLAST/genomes/testing/GenomeB.fas"
Formatted 23 sequences in volume 0
SUCCESS: formatted database /home/cs02gl/Desktop/fdfBLAST/genomes/testing/GenomeB.fas

========================[ Jul 2, 2012  5:09 PM ]========================
Version 2.2.24 [Aug-08-2010]
Started database file "/home/cs02gl/Desktop/fdfBLAST/genomes/testing/GenomeC.fas"
Formatted 20 sequences in volume 0
SUCCESS: formatted database /home/cs02gl/Desktop/fdfBLAST/genomes/testing/GenomeC.fas

========================[ Jul 2, 2012  5:09 PM ]========================
Version 2.2.24 [Aug-08-2010]
Started database file "/home/cs02gl/Desktop/fdfBLAST/genomes/testing/genomeD.fas"
Formatted 20 sequences in volume 0
SUCCESS: formatted database /home/cs02gl/Desktop/fdfBLAST/genomes/testing/genomeD.fas
